This file contains any messages produced by compilers while
running configure, to aid debugging if configure makes a mistake.

It was created by cosign configure 3.2.0, which was
generated by GNU Autoconf 2.61.  Invocation command line was

  $ ./configure --enable-apache2=/usr/local/sbin/apxs --prefix=/var/lib/cosign --sbindir=/usr/local/sbin --mandir=/usr/local/share/man --with-filterdb=/var/lib/cosign/filter --with-cosigndb=/var/lib/cosign/daemon --with-cosignconf=/etc/cosign/cosign.conf --with-cosigncadir=/etc/cosign/certs/CA --with-cosigncert=/etc/cosign/certs/cosignd.crt --with-cosignkey=/etc/cosign/certs/cosignd.key

## --------- ##
## Platform. ##
## --------- ##

hostname = cosignd.sky
uname -m = amd64
uname -r = 10.2-RELEASE
uname -s = FreeBSD
uname -v = FreeBSD 10.2-RELEASE #0 r286666: Wed Aug 12 15:26:37 UTC 2015     root@releng1.nyi.freebsd.org:/usr/obj/usr/src/sys/GENERIC 

/usr/bin/uname -p = amd64
/bin/uname -X     = unknown

/bin/arch              = unknown
/usr/bin/arch -k       = unknown
/usr/convex/getsysinfo = unknown
/usr/bin/hostinfo      = unknown
/bin/machine           = unknown
/usr/bin/oslevel       = unknown
/bin/universe          = unknown

PATH: /sbin
PATH: /bin
PATH: /usr/sbin
PATH: /usr/bin
PATH: /usr/games
PATH: /usr/local/sbin
PATH: /usr/local/bin
PATH: /root/bin


## ----------- ##
## Core tests. ##
## ----------- ##

configure:1802: checking for gawk
configure:1832: result: no
configure:1802: checking for mawk
configure:1832: result: no
configure:1802: checking for nawk
configure:1818: found /usr/bin/nawk
configure:1829: result: nawk
configure:1888: checking for gcc
configure:1904: found /usr/local/bin/gcc
configure:1915: result: gcc
configure:2153: checking for C compiler version
configure:2160: gcc --version >&5
gcc (FreeBSD Ports Collection) 4.8.5
Copyright (C) 2015 Free Software Foundation, Inc.
This is free software; see the source for copying conditions.  There is NO
warranty; not even for MERCHANTABILITY or FITNESS FOR A PARTICULAR PURPOSE.

configure:2163: $? = 0
configure:2170: gcc -v >&5
Using built-in specs.
COLLECT_GCC=gcc
COLLECT_LTO_WRAPPER=/usr/local/libexec/gcc48/gcc/x86_64-portbld-freebsd10.2/4.8.5/lto-wrapper
Target: x86_64-portbld-freebsd10.2
Configured with: ./../gcc-4.8.5/configure --disable-bootstrap --disable-nls --enable-gnu-indirect-function --libdir=/usr/local/lib/gcc48 --libexecdir=/usr/local/libexec/gcc48 --program-suffix=48 --with-as=/usr/local/bin/as --with-gmp=/usr/local --with-gxx-include-dir=/usr/local/lib/gcc48/include/c++/ --with-ld=/usr/local/bin/ld --with-pkgversion='FreeBSD Ports Collection' --with-system-zlib --disable-libgcj --enable-languages=c,c++,objc,fortran --prefix=/usr/local --localstatedir=/var --mandir=/usr/local/man --infodir=/usr/local/info/gcc48 --build=x86_64-portbld-freebsd10.2
Thread model: posix
gcc version 4.8.5 (FreeBSD Ports Collection) 
configure:2173: $? = 0
configure:2180: gcc -V >&5
gcc: error: unrecognized command line option '-V'
gcc: fatal error: no input files
compilation terminated.
configure:2183: $? = 1
configure:2206: checking for C compiler default output file name
configure:2233: gcc -fPIC   conftest.c  >&5
configure:2236: $? = 0
configure:2274: result: a.out
configure:2291: checking whether the C compiler works
configure:2301: ./a.out
configure:2304: $? = 0
configure:2321: result: yes
configure:2328: checking whether we are cross compiling
configure:2330: result: no
configure:2333: checking for suffix of executables
configure:2340: gcc -o conftest -fPIC   conftest.c  >&5
configure:2343: $? = 0
configure:2367: result: 
configure:2373: checking for suffix of object files
configure:2399: gcc -c -fPIC  conftest.c >&5
configure:2402: $? = 0
configure:2425: result: o
configure:2429: checking whether we are using the GNU C compiler
configure:2458: gcc -c -fPIC  conftest.c >&5
configure:2464: $? = 0
configure:2481: result: yes
configure:2486: checking whether gcc accepts -g
configure:2516: gcc -c -g  conftest.c >&5
configure:2522: $? = 0
configure:2621: result: yes
configure:2638: checking for gcc option to accept ISO C89
configure:2712: gcc  -c -fPIC  conftest.c >&5
configure:2718: $? = 0
configure:2741: result: none needed
configure:2803: checking for a BSD-compatible install
configure:2859: result: /usr/bin/install -c
configure:2877: checking build system type
configure:2895: result: amd64-unknown-freebsd10.2
configure:2917: checking host system type
configure:2932: result: amd64-unknown-freebsd10.2
configure:2958: checking for inet_ntoa in -lnsl
configure:2993: gcc -o conftest -fPIC   conftest.c -lnsl   >&5
/usr/local/bin/ld: cannot find -lnsl
collect2: error: ld returned 1 exit status
configure:2999: $? = 1
configure: failed program was:
| /* confdefs.h.  */
| #define PACKAGE_NAME "cosign"
| #define PACKAGE_TARNAME "cosign"
| #define PACKAGE_VERSION "3.2.0"
| #define PACKAGE_STRING "cosign 3.2.0"
| #define PACKAGE_BUGREPORT "cosign@umich.edu"
| /* end confdefs.h.  */
| 
| /* Override any GCC internal prototype to avoid an error.
|    Use char because int might match the return type of a GCC
|    builtin and then its argument prototype would still apply.  */
| #ifdef __cplusplus
| extern "C"
| #endif
| char inet_ntoa ();
| int
| main ()
| {
| return inet_ntoa ();
|   ;
|   return 0;
| }
configure:3017: result: no
configure:3029: checking for socket in -lsocket
configure:3064: gcc -o conftest -fPIC   conftest.c -lsocket   >&5
/usr/local/bin/ld: cannot find -lsocket
collect2: error: ld returned 1 exit status
configure:3070: $? = 1
configure: failed program was:
| /* confdefs.h.  */
| #define PACKAGE_NAME "cosign"
| #define PACKAGE_TARNAME "cosign"
| #define PACKAGE_VERSION "3.2.0"
| #define PACKAGE_STRING "cosign 3.2.0"
| #define PACKAGE_BUGREPORT "cosign@umich.edu"
| /* end confdefs.h.  */
| 
| /* Override any GCC internal prototype to avoid an error.
|    Use char because int might match the return type of a GCC
|    builtin and then its argument prototype would still apply.  */
| #ifdef __cplusplus
| extern "C"
| #endif
| char socket ();
| int
| main ()
| {
| return socket ();
|   ;
|   return 0;
| }
configure:3088: result: no
configure:3138: result: apache 1.3 not enabled
configure:3146: checking for apache 2
configure:3194: result: apache 2 filter will be built
configure:3247: result: lighttpd not enabled
configure:3312: result: kerberos not enabled
configure:3367: result: mysql not enabled
configure:3397: result: GSSAPI not enabled
configure:3563: checking for ssl
configure:3612: result: /usr/local
configure:3621: checking how to run the C preprocessor
configure:3661: gcc -E  -I/usr/local/include conftest.c
configure:3667: $? = 0
configure:3698: gcc -E  -I/usr/local/include conftest.c
conftest.c:12:28: fatal error: ac_nonexistent.h: No such file or directory
 #include <ac_nonexistent.h>
                            ^
compilation terminated.
configure:3704: $? = 1
configure: failed program was:
| /* confdefs.h.  */
| #define PACKAGE_NAME "cosign"
| #define PACKAGE_TARNAME "cosign"
| #define PACKAGE_VERSION "3.2.0"
| #define PACKAGE_STRING "cosign 3.2.0"
| #define PACKAGE_BUGREPORT "cosign@umich.edu"
| #define HAVE_AP_REGEX_H 1
| #define HAVE_MOD_AUTHZ_HOST 1
| #define APACHE2 1
| #define HAVE_LIBSSL 1
| /* end confdefs.h.  */
| #include <ac_nonexistent.h>
configure:3737: result: gcc -E
configure:3766: gcc -E  -I/usr/local/include conftest.c
configure:3772: $? = 0
configure:3803: gcc -E  -I/usr/local/include conftest.c
conftest.c:12:28: fatal error: ac_nonexistent.h: No such file or directory
 #include <ac_nonexistent.h>
                            ^
compilation terminated.
configure:3809: $? = 1
configure: failed program was:
| /* confdefs.h.  */
| #define PACKAGE_NAME "cosign"
| #define PACKAGE_TARNAME "cosign"
| #define PACKAGE_VERSION "3.2.0"
| #define PACKAGE_STRING "cosign 3.2.0"
| #define PACKAGE_BUGREPORT "cosign@umich.edu"
| #define HAVE_AP_REGEX_H 1
| #define HAVE_MOD_AUTHZ_HOST 1
| #define APACHE2 1
| #define HAVE_LIBSSL 1
| /* end confdefs.h.  */
| #include <ac_nonexistent.h>
configure:3847: checking for grep that handles long lines and -e
configure:3921: result: /usr/bin/grep
configure:3926: checking for egrep
configure:4004: result: /usr/bin/grep -E
configure:4009: checking for ANSI C header files
configure:4039: gcc -c -fPIC  -I/usr/local/include conftest.c >&5
configure:4045: $? = 0
configure:4144: gcc -o conftest -fPIC  -I/usr/local/include  -L/usr/local/lib conftest.c  -lssl -lcrypto >&5
configure:4147: $? = 0
configure:4153: ./conftest
configure:4156: $? = 0
configure:4173: result: yes
configure:4197: checking for sys/types.h
configure:4218: gcc -c -fPIC  -I/usr/local/include conftest.c >&5
configure:4224: $? = 0
configure:4240: result: yes
configure:4197: checking for sys/stat.h
configure:4218: gcc -c -fPIC  -I/usr/local/include conftest.c >&5
configure:4224: $? = 0
configure:4240: result: yes
configure:4197: checking for stdlib.h
configure:4218: gcc -c -fPIC  -I/usr/local/include conftest.c >&5
configure:4224: $? = 0
configure:4240: result: yes
configure:4197: checking for string.h
configure:4218: gcc -c -fPIC  -I/usr/local/include conftest.c >&5
configure:4224: $? = 0
configure:4240: result: yes
configure:4197: checking for memory.h
configure:4218: gcc -c -fPIC  -I/usr/local/include conftest.c >&5
configure:4224: $? = 0
configure:4240: result: yes
configure:4197: checking for strings.h
configure:4218: gcc -c -fPIC  -I/usr/local/include conftest.c >&5
configure:4224: $? = 0
configure:4240: result: yes
configure:4197: checking for inttypes.h
configure:4218: gcc -c -fPIC  -I/usr/local/include conftest.c >&5
configure:4224: $? = 0
configure:4240: result: yes
configure:4197: checking for stdint.h
configure:4218: gcc -c -fPIC  -I/usr/local/include conftest.c >&5
configure:4224: $? = 0
configure:4240: result: yes
configure:4197: checking for unistd.h
configure:4218: gcc -c -fPIC  -I/usr/local/include conftest.c >&5
configure:4224: $? = 0
configure:4240: result: yes
configure:4262: checking openssl/ssl.h usability
configure:4279: gcc -c -fPIC  -I/usr/local/include conftest.c >&5
configure:4285: $? = 0
configure:4299: result: yes
configure:4303: checking openssl/ssl.h presence
configure:4318: gcc -E  -I/usr/local/include conftest.c
configure:4324: $? = 0
configure:4338: result: yes
configure:4371: checking for openssl/ssl.h
configure:4378: result: yes
configure:4471: result: Disabled SASL
configure:4582: creating ./config.status

## ---------------------- ##
## Running config.status. ##
## ---------------------- ##

This file was extended by cosign config.status 3.2.0, which was
generated by GNU Autoconf 2.61.  Invocation command line was

  CONFIG_FILES    = 
  CONFIG_HEADERS  = 
  CONFIG_LINKS    = 
  CONFIG_COMMANDS = 
  $ ./config.status 

on cosignd.sky

config.status:653: creating Makefile
config.status:653: creating version.c
config.status:653: creating cgi/Makefile
config.status:653: creating common/Makefile
config.status:653: creating html/Makefile
config.status:653: creating daemon/Makefile
config.status:788: WARNING:  daemon/Makefile.in seems to ignore the --datarootdir setting
config.status:653: creating filters/common/cosignpaths.h
config.status:653: creating filters/apache2/Makefile
config.status:653: creating common/config.h
configure:5740: === configuring in libsnet (/root/bin/cosign/libsnet)
configure:5843: running /bin/sh ./configure '--prefix=/var/lib/cosign'  '--enable-apache2=/usr/local/sbin/apxs' '--sbindir=/usr/local/sbin' '--mandir=/usr/local/share/man' '--with-filterdb=/var/lib/cosign/filter' '--with-cosigndb=/var/lib/cosign/daemon' '--with-cosignconf=/etc/cosign/cosign.conf' '--with-cosigncadir=/etc/cosign/certs/CA' '--with-cosigncert=/etc/cosign/certs/cosignd.crt' '--with-cosignkey=/etc/cosign/certs/cosignd.key' 'CFLAGS=-fPIC' '--with-sasl=no' --cache-file=/dev/null --srcdir=.
configure:5740: === configuring in libcgi (/root/bin/cosign/libcgi)
configure:5843: running /bin/sh ./configure '--prefix=/var/lib/cosign'  '--enable-apache2=/usr/local/sbin/apxs' '--sbindir=/usr/local/sbin' '--mandir=/usr/local/share/man' '--with-filterdb=/var/lib/cosign/filter' '--with-cosigndb=/var/lib/cosign/daemon' '--with-cosignconf=/etc/cosign/cosign.conf' '--with-cosigncadir=/etc/cosign/certs/CA' '--with-cosigncert=/etc/cosign/certs/cosignd.crt' '--with-cosignkey=/etc/cosign/certs/cosignd.key' 'CFLAGS=-fPIC' '--with-sasl=no' --cache-file=/dev/null --srcdir=.

## ---------------- ##
## Cache variables. ##
## ---------------- ##

ac_cv_build=amd64-unknown-freebsd10.2
ac_cv_c_compiler_gnu=yes
ac_cv_env_CC_set=''
ac_cv_env_CC_value=''
ac_cv_env_CFLAGS_set=set
ac_cv_env_CFLAGS_value=-fPIC
ac_cv_env_CPPFLAGS_set=''
ac_cv_env_CPPFLAGS_value=''
ac_cv_env_CPP_set=''
ac_cv_env_CPP_value=''
ac_cv_env_LDFLAGS_set=''
ac_cv_env_LDFLAGS_value=''
ac_cv_env_LIBS_set=''
ac_cv_env_LIBS_value=''
ac_cv_env_build_alias_set=''
ac_cv_env_build_alias_value=''
ac_cv_env_host_alias_set=''
ac_cv_env_host_alias_value=''
ac_cv_env_target_alias_set=''
ac_cv_env_target_alias_value=''
ac_cv_header_inttypes_h=yes
ac_cv_header_memory_h=yes
ac_cv_header_openssl_ssl_h=yes
ac_cv_header_stdc=yes
ac_cv_header_stdint_h=yes
ac_cv_header_stdlib_h=yes
ac_cv_header_string_h=yes
ac_cv_header_strings_h=yes
ac_cv_header_sys_stat_h=yes
ac_cv_header_sys_types_h=yes
ac_cv_header_unistd_h=yes
ac_cv_host=amd64-unknown-freebsd10.2
ac_cv_lib_nsl_inet_ntoa=no
ac_cv_lib_socket_socket=no
ac_cv_objext=o
ac_cv_path_EGREP='/usr/bin/grep -E'
ac_cv_path_GREP=/usr/bin/grep
ac_cv_path_apxs2=/usr/local/sbin/apxs
ac_cv_path_install='/usr/bin/install -c'
ac_cv_path_ssl=/usr/local
ac_cv_prog_AWK=nawk
ac_cv_prog_CPP='gcc -E'
ac_cv_prog_ac_ct_CC=gcc
ac_cv_prog_cc_c89=''
ac_cv_prog_cc_g=yes

## ----------------- ##
## Output variables. ##
## ----------------- ##

ADDLDFLAGS=''
ADDLIBS=''
APACHECTL2='/usr/local/sbin/apachectl'
APACHECTL=''
APXS2='/usr/local/sbin/apxs'
APXS=''
AWK='nawk'
CC='gcc'
CFLAGS='-fPIC'
CPP='gcc -E'
CPPFLAGS=' -I/usr/local/include'
DEFS='-DHAVE_CONFIG_H'
ECHO_C=''
ECHO_N='-n'
ECHO_T=''
EGREP='/usr/bin/grep -E'
EXEEXT=''
FILTERS=' filters/apache2'
FILTER_COMPILER_OPTS=''
FILTER_LINKER_OPTS=''
GREP='/usr/bin/grep'
GSSINC=''
GSSLDFLAGS=''
GSSLIBS=''
INSTALL_DATA='${INSTALL} -m 644'
INSTALL_PROGRAM='${INSTALL}'
INSTALL_SCRIPT='${INSTALL}'
KINC=''
KLDFLAGS=''
KLIBS=''
KRBCGI=''
LDFLAGS=' -L/usr/local/lib'
LIBOBJS=''
LIBS=' -lssl -lcrypto'
LIGHTTPD_COSIGN_SRCDIR=''
LTLIBOBJS=''
MYSQLINC=''
MYSQLLDFLAGS=''
MYSQLLIBS=''
OBJEXT='o'
OPTOPTS='-Wall -Wmissing-prototypes'
PACKAGE_BUGREPORT='cosign@umich.edu'
PACKAGE_NAME='cosign'
PACKAGE_STRING='cosign 3.2.0'
PACKAGE_TARNAME='cosign'
PACKAGE_VERSION='3.2.0'
PATH_SEPARATOR=':'
SHELL='/bin/sh'
UNIVERSAL_OPTOPTS=''
ac_ct_CC='gcc'
bindir='${exec_prefix}/bin'
build='amd64-unknown-freebsd10.2'
build_alias=''
build_cpu='amd64'
build_os='freebsd10.2'
build_vendor='unknown'
cosigncadir='/etc/cosign/certs/CA'
cosigncert='/etc/cosign/certs/cosignd.crt'
cosignconf='/etc/cosign/cosign.conf'
cosigndb='/var/lib/cosign/daemon'
cosignhost='cosign.example.edu'
cosignkey='/etc/cosign/certs/cosignd.key'
cosignlogoutregex='http://.+\.example\.edu'
cosignlogouturl='http://cosign.example.edu'
cosignloopurl='http://cosign.example.edu/looping.html'
datadir='${datarootdir}'
datarootdir='${prefix}/share'
docdir='${datarootdir}/doc/${PACKAGE_TARNAME}'
dvidir='${docdir}'
exec_prefix='${prefix}'
filterdb='/var/lib/cosign/filter'
frienddbhost='localhost'
frienddblogin='friend'
frienddbpasswd=''
host='amd64-unknown-freebsd10.2'
host_alias=''
host_cpu='amd64'
host_os='freebsd10.2'
host_vendor='unknown'
htmldir='${docdir}'
includedir='${prefix}/include'
infodir='${datarootdir}/info'
keytabpath=''
libdir='${exec_prefix}/lib'
libexecdir='${exec_prefix}/libexec'
localedir='${datarootdir}/locale'
localstatedir='${prefix}/var'
mandir='/usr/local/share/man'
oldincludedir='/usr/include'
pdfdir='${docdir}'
prefix='/var/lib/cosign'
program_transform_name='s,x,x,'
proxydb='/var/cosign/proxy'
psdir='${docdir}'
sbindir='/usr/local/sbin'
sharedstatedir='${prefix}/com'
subdirs=' libsnet libcgi'
sysconfdir='${prefix}/etc'
target_alias=''
ticketcache='/ticket'

## ----------- ##
## confdefs.h. ##
## ----------- ##

#define PACKAGE_NAME "cosign"
#define PACKAGE_TARNAME "cosign"
#define PACKAGE_VERSION "3.2.0"
#define PACKAGE_STRING "cosign 3.2.0"
#define PACKAGE_BUGREPORT "cosign@umich.edu"
#define HAVE_AP_REGEX_H 1
#define HAVE_MOD_AUTHZ_HOST 1
#define APACHE2 1
#define HAVE_LIBSSL 1
#define STDC_HEADERS 1
#define HAVE_SYS_TYPES_H 1
#define HAVE_SYS_STAT_H 1
#define HAVE_STDLIB_H 1
#define HAVE_STRING_H 1
#define HAVE_MEMORY_H 1
#define HAVE_STRINGS_H 1
#define HAVE_INTTYPES_H 1
#define HAVE_STDINT_H 1
#define HAVE_UNISTD_H 1

configure: exit 0
