This file contains any messages produced by compilers while
running configure, to aid debugging if configure makes a mistake.

It was created by libcgi configure VERSION, which was
generated by GNU Autoconf 2.61.  Invocation command line was

  $ ./configure --prefix=/var/lib/cosign --enable-apache2=/usr/local/sbin/apxs --sbindir=/usr/local/sbin --mandir=/usr/local/share/man --with-filterdb=/var/lib/cosign/filter --with-cosigndb=/var/lib/cosign/daemon --with-cosignconf=/etc/cosign/cosign.conf --with-cosigncadir=/etc/cosign/certs/CA --with-cosigncert=/etc/cosign/certs/cosignd.crt --with-cosignkey=/etc/cosign/certs/cosignd.key CFLAGS=-fPIC --with-sasl=no --cache-file=/dev/null --srcdir=.

## --------- ##
## Platform. ##
## --------- ##

hostname = cosignd.sky
uname -m = amd64
uname -r = 10.2-RELEASE
uname -s = FreeBSD
uname -v = FreeBSD 10.2-RELEASE #0 r286666: Wed Aug 12 15:26:37 UTC 2015     root@releng1.nyi.freebsd.org:/usr/obj/usr/src/sys/GENERIC 

/usr/bin/uname -p = amd64
/bin/uname -X     = unknown

/bin/arch              = unknown
/usr/bin/arch -k       = unknown
/usr/convex/getsysinfo = unknown
/usr/bin/hostinfo      = unknown
/bin/machine           = unknown
/usr/bin/oslevel       = unknown
/bin/universe          = unknown

PATH: /sbin
PATH: /bin
PATH: /usr/sbin
PATH: /usr/bin
PATH: /usr/games
PATH: /usr/local/sbin
PATH: /usr/local/bin
PATH: /root/bin


## ----------- ##
## Core tests. ##
## ----------- ##

configure:1763: checking for gcc
configure:1779: found /usr/local/bin/gcc
configure:1790: result: gcc
configure:2028: checking for C compiler version
configure:2035: gcc --version >&5
gcc (FreeBSD Ports Collection) 4.8.5
Copyright (C) 2015 Free Software Foundation, Inc.
This is free software; see the source for copying conditions.  There is NO
warranty; not even for MERCHANTABILITY or FITNESS FOR A PARTICULAR PURPOSE.

configure:2038: $? = 0
configure:2045: gcc -v >&5
Using built-in specs.
COLLECT_GCC=gcc
COLLECT_LTO_WRAPPER=/usr/local/libexec/gcc48/gcc/x86_64-portbld-freebsd10.2/4.8.5/lto-wrapper
Target: x86_64-portbld-freebsd10.2
Configured with: ./../gcc-4.8.5/configure --disable-bootstrap --disable-nls --enable-gnu-indirect-function --libdir=/usr/local/lib/gcc48 --libexecdir=/usr/local/libexec/gcc48 --program-suffix=48 --with-as=/usr/local/bin/as --with-gmp=/usr/local --with-gxx-include-dir=/usr/local/lib/gcc48/include/c++/ --with-ld=/usr/local/bin/ld --with-pkgversion='FreeBSD Ports Collection' --with-system-zlib --disable-libgcj --enable-languages=c,c++,objc,fortran --prefix=/usr/local --localstatedir=/var --mandir=/usr/local/man --infodir=/usr/local/info/gcc48 --build=x86_64-portbld-freebsd10.2
Thread model: posix
gcc version 4.8.5 (FreeBSD Ports Collection) 
configure:2048: $? = 0
configure:2055: gcc -V >&5
gcc: error: unrecognized command line option '-V'
gcc: fatal error: no input files
compilation terminated.
configure:2058: $? = 1
configure:2081: checking for C compiler default output file name
configure:2108: gcc -fPIC   conftest.c  >&5
configure:2111: $? = 0
configure:2149: result: a.out
configure:2166: checking whether the C compiler works
configure:2176: ./a.out
configure:2179: $? = 0
configure:2196: result: yes
configure:2203: checking whether we are cross compiling
configure:2205: result: no
configure:2208: checking for suffix of executables
configure:2215: gcc -o conftest -fPIC   conftest.c  >&5
configure:2218: $? = 0
configure:2242: result: 
configure:2248: checking for suffix of object files
configure:2274: gcc -c -fPIC  conftest.c >&5
configure:2277: $? = 0
configure:2300: result: o
configure:2304: checking whether we are using the GNU C compiler
configure:2333: gcc -c -fPIC  conftest.c >&5
configure:2339: $? = 0
configure:2356: result: yes
configure:2361: checking whether gcc accepts -g
configure:2391: gcc -c -g  conftest.c >&5
configure:2397: $? = 0
configure:2496: result: yes
configure:2513: checking for gcc option to accept ISO C89
configure:2587: gcc  -c -fPIC  conftest.c >&5
configure:2593: $? = 0
configure:2616: result: none needed
configure:2672: checking build system type
configure:2690: result: amd64-unknown-freebsd10.2
configure:2712: checking host system type
configure:2727: result: amd64-unknown-freebsd10.2
configure:2757: checking how to run the C preprocessor
configure:2797: gcc -E  conftest.c
configure:2803: $? = 0
configure:2834: gcc -E  conftest.c
conftest.c:8:28: fatal error: ac_nonexistent.h: No such file or directory
 #include <ac_nonexistent.h>
                            ^
compilation terminated.
configure:2840: $? = 1
configure: failed program was:
| /* confdefs.h.  */
| #define PACKAGE_NAME "libcgi"
| #define PACKAGE_TARNAME "libcgi"
| #define PACKAGE_VERSION "VERSION"
| #define PACKAGE_STRING "libcgi VERSION"
| #define PACKAGE_BUGREPORT "mprint@umich.edu"
| /* end confdefs.h.  */
| #include <ac_nonexistent.h>
configure:2873: result: gcc -E
configure:2902: gcc -E  conftest.c
configure:2908: $? = 0
configure:2939: gcc -E  conftest.c
conftest.c:8:28: fatal error: ac_nonexistent.h: No such file or directory
 #include <ac_nonexistent.h>
                            ^
compilation terminated.
configure:2945: $? = 1
configure: failed program was:
| /* confdefs.h.  */
| #define PACKAGE_NAME "libcgi"
| #define PACKAGE_TARNAME "libcgi"
| #define PACKAGE_VERSION "VERSION"
| #define PACKAGE_STRING "libcgi VERSION"
| #define PACKAGE_BUGREPORT "mprint@umich.edu"
| /* end confdefs.h.  */
| #include <ac_nonexistent.h>
configure:2983: checking for grep that handles long lines and -e
configure:3057: result: /usr/bin/grep
configure:3062: checking for egrep
configure:3140: result: /usr/bin/grep -E
configure:3145: checking for ANSI C header files
configure:3175: gcc -c -fPIC  conftest.c >&5
configure:3181: $? = 0
configure:3280: gcc -o conftest -fPIC   conftest.c  >&5
configure:3283: $? = 0
configure:3289: ./conftest
configure:3292: $? = 0
configure:3309: result: yes
configure:3333: checking for sys/types.h
configure:3354: gcc -c -fPIC  conftest.c >&5
configure:3360: $? = 0
configure:3376: result: yes
configure:3333: checking for sys/stat.h
configure:3354: gcc -c -fPIC  conftest.c >&5
configure:3360: $? = 0
configure:3376: result: yes
configure:3333: checking for stdlib.h
configure:3354: gcc -c -fPIC  conftest.c >&5
configure:3360: $? = 0
configure:3376: result: yes
configure:3333: checking for string.h
configure:3354: gcc -c -fPIC  conftest.c >&5
configure:3360: $? = 0
configure:3376: result: yes
configure:3333: checking for memory.h
configure:3354: gcc -c -fPIC  conftest.c >&5
configure:3360: $? = 0
configure:3376: result: yes
configure:3333: checking for strings.h
configure:3354: gcc -c -fPIC  conftest.c >&5
configure:3360: $? = 0
configure:3376: result: yes
configure:3333: checking for inttypes.h
configure:3354: gcc -c -fPIC  conftest.c >&5
configure:3360: $? = 0
configure:3376: result: yes
configure:3333: checking for stdint.h
configure:3354: gcc -c -fPIC  conftest.c >&5
configure:3360: $? = 0
configure:3376: result: yes
configure:3333: checking for unistd.h
configure:3354: gcc -c -fPIC  conftest.c >&5
configure:3360: $? = 0
configure:3376: result: yes
configure:3407: checking fcntl.h usability
configure:3424: gcc -c -fPIC  conftest.c >&5
configure:3430: $? = 0
configure:3444: result: yes
configure:3448: checking fcntl.h presence
configure:3463: gcc -E  conftest.c
configure:3469: $? = 0
configure:3483: result: yes
configure:3516: checking for fcntl.h
configure:3524: result: yes
configure:3407: checking limits.h usability
configure:3424: gcc -c -fPIC  conftest.c >&5
configure:3430: $? = 0
configure:3444: result: yes
configure:3448: checking limits.h presence
configure:3463: gcc -E  conftest.c
configure:3469: $? = 0
configure:3483: result: yes
configure:3516: checking for limits.h
configure:3524: result: yes
configure:3397: checking for stdlib.h
configure:3403: result: yes
configure:3397: checking for string.h
configure:3403: result: yes
configure:3397: checking for unistd.h
configure:3403: result: yes
configure:3544: checking for stdlib.h
configure:3550: result: yes
configure:3684: checking for GNU libc compatible malloc
configure:3718: gcc -o conftest -fPIC   conftest.c  >&5
configure:3721: $? = 0
configure:3727: ./conftest
configure:3730: $? = 0
configure:3746: result: yes
configure:3774: checking for working memcmp
configure:3827: gcc -o conftest -fPIC   conftest.c  >&5
configure:3830: $? = 0
configure:3836: ./conftest
configure:3839: $? = 0
configure:3855: result: yes
configure:3875: checking for memchr
configure:3931: gcc -o conftest -fPIC   conftest.c  >&5
conftest.c:48:6: warning: conflicting types for built-in function 'memchr' [enabled by default]
 char memchr ();
      ^
configure:3937: $? = 0
configure:3955: result: yes
configure:3875: checking for memmove
configure:3931: gcc -o conftest -fPIC   conftest.c  >&5
conftest.c:49:6: warning: conflicting types for built-in function 'memmove' [enabled by default]
 char memmove ();
      ^
configure:3937: $? = 0
configure:3955: result: yes
configure:3875: checking for strcasecmp
configure:3931: gcc -o conftest -fPIC   conftest.c  >&5
conftest.c:50:6: warning: conflicting types for built-in function 'strcasecmp' [enabled by default]
 char strcasecmp ();
      ^
configure:3937: $? = 0
configure:3955: result: yes
configure:3875: checking for strdup
configure:3931: gcc -o conftest -fPIC   conftest.c  >&5
conftest.c:51:6: warning: conflicting types for built-in function 'strdup' [enabled by default]
 char strdup ();
      ^
configure:3937: $? = 0
configure:3955: result: yes
configure:3875: checking for strerror
configure:3931: gcc -o conftest -fPIC   conftest.c  >&5
configure:3937: $? = 0
configure:3955: result: yes
configure:3875: checking for strncasecmp
configure:3931: gcc -o conftest -fPIC   conftest.c  >&5
conftest.c:53:6: warning: conflicting types for built-in function 'strncasecmp' [enabled by default]
 char strncasecmp ();
      ^
configure:3937: $? = 0
configure:3955: result: yes
configure:3875: checking for strstr
configure:3931: gcc -o conftest -fPIC   conftest.c  >&5
conftest.c:54:6: warning: conflicting types for built-in function 'strstr' [enabled by default]
 char strstr ();
      ^
configure:3937: $? = 0
configure:3955: result: yes
configure:3875: checking for strtol
configure:3931: gcc -o conftest -fPIC   conftest.c  >&5
configure:3937: $? = 0
configure:3955: result: yes
configure:4132: creating ./config.status

## ---------------------- ##
## Running config.status. ##
## ---------------------- ##

This file was extended by libcgi config.status VERSION, which was
generated by GNU Autoconf 2.61.  Invocation command line was

  CONFIG_FILES    = 
  CONFIG_HEADERS  = 
  CONFIG_LINKS    = 
  CONFIG_COMMANDS = 
  $ ./config.status 

on cosignd.sky

config.status:584: creating Makefile

## ---------------- ##
## Cache variables. ##
## ---------------- ##

ac_cv_build=amd64-unknown-freebsd10.2
ac_cv_c_compiler_gnu=yes
ac_cv_env_CC_set=''
ac_cv_env_CC_value=''
ac_cv_env_CFLAGS_set=set
ac_cv_env_CFLAGS_value=-fPIC
ac_cv_env_CPPFLAGS_set=''
ac_cv_env_CPPFLAGS_value=''
ac_cv_env_CPP_set=''
ac_cv_env_CPP_value=''
ac_cv_env_LDFLAGS_set=''
ac_cv_env_LDFLAGS_value=''
ac_cv_env_LIBS_set=''
ac_cv_env_LIBS_value=''
ac_cv_env_build_alias_set=''
ac_cv_env_build_alias_value=''
ac_cv_env_host_alias_set=''
ac_cv_env_host_alias_value=''
ac_cv_env_target_alias_set=''
ac_cv_env_target_alias_value=''
ac_cv_func_malloc_0_nonnull=yes
ac_cv_func_memchr=yes
ac_cv_func_memcmp_working=yes
ac_cv_func_memmove=yes
ac_cv_func_strcasecmp=yes
ac_cv_func_strdup=yes
ac_cv_func_strerror=yes
ac_cv_func_strncasecmp=yes
ac_cv_func_strstr=yes
ac_cv_func_strtol=yes
ac_cv_header_fcntl_h=yes
ac_cv_header_inttypes_h=yes
ac_cv_header_limits_h=yes
ac_cv_header_memory_h=yes
ac_cv_header_stdc=yes
ac_cv_header_stdint_h=yes
ac_cv_header_stdlib_h=yes
ac_cv_header_string_h=yes
ac_cv_header_strings_h=yes
ac_cv_header_sys_stat_h=yes
ac_cv_header_sys_types_h=yes
ac_cv_header_unistd_h=yes
ac_cv_host=amd64-unknown-freebsd10.2
ac_cv_objext=o
ac_cv_path_EGREP='/usr/bin/grep -E'
ac_cv_path_GREP=/usr/bin/grep
ac_cv_prog_CPP='gcc -E'
ac_cv_prog_ac_ct_CC=gcc
ac_cv_prog_cc_c89=''
ac_cv_prog_cc_g=yes

## ----------------- ##
## Output variables. ##
## ----------------- ##

CC='gcc'
CFLAGS='-fPIC'
CPP='gcc -E'
CPPFLAGS=''
DEFS='-DPACKAGE_NAME=\"libcgi\" -DPACKAGE_TARNAME=\"libcgi\" -DPACKAGE_VERSION=\"VERSION\" -DPACKAGE_STRING=\"libcgi\ VERSION\" -DPACKAGE_BUGREPORT=\"mprint@umich.edu\" -DSTDC_HEADERS=1 -DHAVE_SYS_TYPES_H=1 -DHAVE_SYS_STAT_H=1 -DHAVE_STDLIB_H=1 -DHAVE_STRING_H=1 -DHAVE_MEMORY_H=1 -DHAVE_STRINGS_H=1 -DHAVE_INTTYPES_H=1 -DHAVE_STDINT_H=1 -DHAVE_UNISTD_H=1 -DHAVE_FCNTL_H=1 -DHAVE_LIMITS_H=1 -DHAVE_STDLIB_H=1 -DHAVE_STRING_H=1 -DHAVE_UNISTD_H=1 -DHAVE_STDLIB_H=1 -DHAVE_MALLOC=1 -DHAVE_MEMCHR=1 -DHAVE_MEMMOVE=1 -DHAVE_STRCASECMP=1 -DHAVE_STRDUP=1 -DHAVE_STRERROR=1 -DHAVE_STRNCASECMP=1 -DHAVE_STRSTR=1 -DHAVE_STRTOL=1'
ECHO_C=''
ECHO_N='-n'
ECHO_T=''
EGREP='/usr/bin/grep -E'
EXEEXT=''
GREP='/usr/bin/grep'
LDFLAGS=''
LIBOBJS=''
LIBS=''
LTLIBOBJS=''
OBJEXT='o'
OPTOPTS=''
PACKAGE_BUGREPORT='mprint@umich.edu'
PACKAGE_NAME='libcgi'
PACKAGE_STRING='libcgi VERSION'
PACKAGE_TARNAME='libcgi'
PACKAGE_VERSION='VERSION'
PATH_SEPARATOR=':'
SHELL='/bin/sh'
ac_ct_CC='gcc'
bindir='${exec_prefix}/bin'
build='amd64-unknown-freebsd10.2'
build_alias=''
build_cpu='amd64'
build_os='freebsd10.2'
build_vendor='unknown'
datadir='${datarootdir}'
datarootdir='${prefix}/share'
debug=''
docdir='${datarootdir}/doc/${PACKAGE_TARNAME}'
dvidir='${docdir}'
exec_prefix='${prefix}'
host='amd64-unknown-freebsd10.2'
host_alias=''
host_cpu='amd64'
host_os='freebsd10.2'
host_vendor='unknown'
htmldir='${docdir}'
includedir='${prefix}/include'
infodir='${datarootdir}/info'
libdir='${exec_prefix}/lib'
libexecdir='${exec_prefix}/libexec'
localedir='${datarootdir}/locale'
localstatedir='${prefix}/var'
mandir='/usr/local/share/man'
oldincludedir='/usr/include'
pdfdir='${docdir}'
prefix='/var/lib/cosign'
program_transform_name='s,x,x,'
psdir='${docdir}'
sbindir='/usr/local/sbin'
sharedstatedir='${prefix}/com'
sysconfdir='${prefix}/etc'
target_alias=''

## ----------- ##
## confdefs.h. ##
## ----------- ##

#define PACKAGE_NAME "libcgi"
#define PACKAGE_TARNAME "libcgi"
#define PACKAGE_VERSION "VERSION"
#define PACKAGE_STRING "libcgi VERSION"
#define PACKAGE_BUGREPORT "mprint@umich.edu"
#define STDC_HEADERS 1
#define HAVE_SYS_TYPES_H 1
#define HAVE_SYS_STAT_H 1
#define HAVE_STDLIB_H 1
#define HAVE_STRING_H 1
#define HAVE_MEMORY_H 1
#define HAVE_STRINGS_H 1
#define HAVE_INTTYPES_H 1
#define HAVE_STDINT_H 1
#define HAVE_UNISTD_H 1
#define HAVE_FCNTL_H 1
#define HAVE_LIMITS_H 1
#define HAVE_STDLIB_H 1
#define HAVE_STRING_H 1
#define HAVE_UNISTD_H 1
#define HAVE_STDLIB_H 1
#define HAVE_MALLOC 1
#define HAVE_MEMCHR 1
#define HAVE_MEMMOVE 1
#define HAVE_STRCASECMP 1
#define HAVE_STRDUP 1
#define HAVE_STRERROR 1
#define HAVE_STRNCASECMP 1
#define HAVE_STRSTR 1
#define HAVE_STRTOL 1

configure: exit 0
