This file contains any messages produced by compilers while
running configure, to aid debugging if configure makes a mistake.

It was created by libsnet configure VERSION, which was
generated by GNU Autoconf 2.61.  Invocation command line was

  $ ./configure --prefix=/var/lib/cosign --enable-apache2=/usr/local/sbin/apxs --sbindir=/usr/local/sbin --mandir=/usr/local/share/man --with-filterdb=/var/lib/cosign/filter --with-cosigndb=/var/lib/cosign/daemon --with-cosignconf=/etc/cosign/cosign.conf --with-cosigncadir=/etc/cosign/certs/CA --with-cosigncert=/etc/cosign/certs/cosignd.crt --with-cosignkey=/etc/cosign/certs/cosignd.key CFLAGS=-fPIC --with-sasl=no --cache-file=/dev/null --srcdir=.

## --------- ##
## Platform. ##
## --------- ##

hostname = cosignd.sky
uname -m = amd64
uname -r = 10.2-RELEASE
uname -s = FreeBSD
uname -v = FreeBSD 10.2-RELEASE #0 r286666: Wed Aug 12 15:26:37 UTC 2015     root@releng1.nyi.freebsd.org:/usr/obj/usr/src/sys/GENERIC 

/usr/bin/uname -p = amd64
/bin/uname -X     = unknown

/bin/arch              = unknown
/usr/bin/arch -k       = unknown
/usr/convex/getsysinfo = unknown
/usr/bin/hostinfo      = unknown
/bin/machine           = unknown
/usr/bin/oslevel       = unknown
/bin/universe          = unknown

PATH: /sbin
PATH: /bin
PATH: /usr/sbin
PATH: /usr/bin
PATH: /usr/games
PATH: /usr/local/sbin
PATH: /usr/local/bin
PATH: /root/bin


## ----------- ##
## Core tests. ##
## ----------- ##

configure:1865: checking for gawk
configure:1895: result: no
configure:1865: checking for mawk
configure:1895: result: no
configure:1865: checking for nawk
configure:1881: found /usr/bin/nawk
configure:1892: result: nawk
configure:1951: checking for gcc
configure:1967: found /usr/local/bin/gcc
configure:1978: result: gcc
configure:2216: checking for C compiler version
configure:2223: gcc --version >&5
gcc (FreeBSD Ports Collection) 4.8.5
Copyright (C) 2015 Free Software Foundation, Inc.
This is free software; see the source for copying conditions.  There is NO
warranty; not even for MERCHANTABILITY or FITNESS FOR A PARTICULAR PURPOSE.

configure:2226: $? = 0
configure:2233: gcc -v >&5
Using built-in specs.
COLLECT_GCC=gcc
COLLECT_LTO_WRAPPER=/usr/local/libexec/gcc48/gcc/x86_64-portbld-freebsd10.2/4.8.5/lto-wrapper
Target: x86_64-portbld-freebsd10.2
Configured with: ./../gcc-4.8.5/configure --disable-bootstrap --disable-nls --enable-gnu-indirect-function --libdir=/usr/local/lib/gcc48 --libexecdir=/usr/local/libexec/gcc48 --program-suffix=48 --with-as=/usr/local/bin/as --with-gmp=/usr/local --with-gxx-include-dir=/usr/local/lib/gcc48/include/c++/ --with-ld=/usr/local/bin/ld --with-pkgversion='FreeBSD Ports Collection' --with-system-zlib --disable-libgcj --enable-languages=c,c++,objc,fortran --prefix=/usr/local --localstatedir=/var --mandir=/usr/local/man --infodir=/usr/local/info/gcc48 --build=x86_64-portbld-freebsd10.2
Thread model: posix
gcc version 4.8.5 (FreeBSD Ports Collection) 
configure:2236: $? = 0
configure:2243: gcc -V >&5
gcc: error: unrecognized command line option '-V'
gcc: fatal error: no input files
compilation terminated.
configure:2246: $? = 1
configure:2269: checking for C compiler default output file name
configure:2296: gcc -fPIC   conftest.c  >&5
configure:2299: $? = 0
configure:2337: result: a.out
configure:2354: checking whether the C compiler works
configure:2364: ./a.out
configure:2367: $? = 0
configure:2384: result: yes
configure:2391: checking whether we are cross compiling
configure:2393: result: no
configure:2396: checking for suffix of executables
configure:2403: gcc -o conftest -fPIC   conftest.c  >&5
configure:2406: $? = 0
configure:2430: result: 
configure:2436: checking for suffix of object files
configure:2462: gcc -c -fPIC  conftest.c >&5
configure:2465: $? = 0
configure:2488: result: o
configure:2492: checking whether we are using the GNU C compiler
configure:2521: gcc -c -fPIC  conftest.c >&5
configure:2527: $? = 0
configure:2544: result: yes
configure:2549: checking whether gcc accepts -g
configure:2579: gcc -c -g  conftest.c >&5
configure:2585: $? = 0
configure:2684: result: yes
configure:2701: checking for gcc option to accept ISO C89
configure:2775: gcc  -c -fPIC  conftest.c >&5
configure:2781: $? = 0
configure:2804: result: none needed
configure:2866: checking for a BSD-compatible install
configure:2922: result: /usr/bin/install -c
configure:2940: checking build system type
configure:2958: result: amd64-unknown-freebsd10.2
configure:2980: checking host system type
configure:2995: result: amd64-unknown-freebsd10.2
configure:3017: checking target system type
configure:3032: result: amd64-unknown-freebsd10.2
configure:3065: checking for SSL_accept in -lssl
configure:3100: gcc -o conftest -fPIC   conftest.c -lssl   >&5
configure:3106: $? = 0
configure:3124: result: yes
configure:3177: checking for SSLeay_version in -lcrypto
configure:3212: gcc -o conftest -fPIC   conftest.c -lcrypto  -lssl  >&5
configure:3218: $? = 0
configure:3236: result: yes
configure:3290: checking for sasl
configure:3328: result: no
configure:3422: checking whether to build profiled libraries
configure:3433: result: yes
configure:3528: checking for ld used by GCC
configure:3591: result: /usr/local/bin/ld
configure:3600: checking if the linker (/usr/local/bin/ld) is GNU ld
GNU ld (GNU Binutils) 2.25.1
configure:3612: result: yes
configure:3617: checking for /usr/local/bin/ld option to reload object files
configure:3624: result: -r
configure:3629: checking for BSD-compatible nm
configure:3665: result: /usr/bin/nm -B
configure:3668: checking for a sed that does not truncate output
configure:3750: result: /usr/bin/sed
configure:3753: checking whether ln -s works
configure:3757: result: yes
configure:3764: checking how to recognise dependent libraries
configure:3945: result: pass_all
configure:3957: checking command to parse /usr/bin/nm -B output
configure:4041: gcc -c -fPIC  conftest.c >&5
configure:4044: $? = 0
configure:4048: /usr/bin/nm -B conftest.o \| sed -n -e 's/^.*[ 	]\([ABCDGISTW][ABCDGISTW]*\)[ 	][ 	]*\(\)\([_A-Za-z][_A-Za-z0-9]*\)$/\1 \2\3 \3/p' \> conftest.nm
configure:4051: $? = 0
configure:4103: gcc -o conftest -fPIC   conftest.c conftstm.o >&5
configure:4106: $? = 0
configure:4150: result: ok
configure:4158: checking for dlfcn.h
configure:4179: gcc -c -fPIC  conftest.c >&5
configure:4185: $? = 0
configure:4201: result: yes
configure:4402: checking for ranlib
configure:4418: found /usr/bin/ranlib
configure:4429: result: ranlib
configure:4498: checking for strip
configure:4514: found /usr/bin/strip
configure:4525: result: strip
configure:4757: checking for objdir
configure:4768: result: .libs
configure:4789: checking for gcc option to produce PIC
configure:4935: result: -fPIC
configure:4939: checking if gcc PIC flag -fPIC works
configure:4967: gcc -c -fPIC -fPIC -DPIC  conftest.c >&5
configure:4973: $? = 0
configure:5015: result: yes
configure:5035: checking if gcc static flag -static works
configure:5064: gcc -o conftest -fPIC   -static conftest.c -lcrypto -lssl  >&5
configure:5070: $? = 0
configure:5093: result: yes
configure:5109: checking if gcc supports -c -o file.o
configure:5129: gcc -c -fPIC -o out/conftest2.o  conftest.c >&5
configure:5153: result: yes
configure:5158: checking if gcc supports -c -o file.lo
configure:5190: gcc -c -fPIC -c -o conftest.lo  conftest.c >&5
configure:5196: $? = 0
configure:5223: result: yes
configure:5262: checking if gcc supports -fno-rtti -fno-exceptions
configure:5289: gcc -c -fPIC -fno-rtti -fno-exceptions -c conftest.c  conftest.c >&5
cc1: warning: command line option '-fno-rtti' is valid for C++/ObjC++ but not for C [enabled by default]
cc1: warning: command line option '-fno-rtti' is valid for C++/ObjC++ but not for C [enabled by default]
configure:5295: $? = 0
configure:5317: result: no
configure:5332: checking whether the linker (/usr/local/bin/ld) supports shared libraries
configure:6027: result: yes
configure:6036: checking how to hardcode library paths into programs
configure:6060: result: immediate
configure:6069: checking whether stripping libraries is possible
configure:6074: result: yes
configure:6089: checking dynamic linker characteristics
configure:6496: result: no
configure:6505: checking if libtool supports shared libraries
configure:6507: result: no
configure:6514: checking whether to build shared libraries
configure:6535: result: no
configure:6542: checking whether to build static libraries
configure:6546: result: yes
configure:8000: creating ./config.status

## ---------------------- ##
## Running config.status. ##
## ---------------------- ##

This file was extended by libsnet config.status VERSION, which was
generated by GNU Autoconf 2.61.  Invocation command line was

  CONFIG_FILES    = 
  CONFIG_HEADERS  = 
  CONFIG_LINKS    = 
  CONFIG_COMMANDS = 
  $ ./config.status 

on cosignd.sky

config.status:612: creating Makefile
config.status:612: creating config.h
config.status:823: config.h is unchanged

## ---------------- ##
## Cache variables. ##
## ---------------- ##

ac_cv_build=amd64-unknown-freebsd10.2
ac_cv_c_compiler_gnu=yes
ac_cv_env_CC_set=''
ac_cv_env_CC_value=''
ac_cv_env_CFLAGS_set=set
ac_cv_env_CFLAGS_value=-fPIC
ac_cv_env_CPPFLAGS_set=''
ac_cv_env_CPPFLAGS_value=''
ac_cv_env_LDFLAGS_set=''
ac_cv_env_LDFLAGS_value=''
ac_cv_env_LIBS_set=''
ac_cv_env_LIBS_value=''
ac_cv_env_build_alias_set=''
ac_cv_env_build_alias_value=''
ac_cv_env_host_alias_set=''
ac_cv_env_host_alias_value=''
ac_cv_env_target_alias_set=''
ac_cv_env_target_alias_value=''
ac_cv_header_dlfcn_h=yes
ac_cv_host=amd64-unknown-freebsd10.2
ac_cv_lib_crypto_SSLeay_version=yes
ac_cv_lib_ssl_SSL_accept=yes
ac_cv_objext=o
ac_cv_path_install='/usr/bin/install -c'
ac_cv_prog_AWK=nawk
ac_cv_prog_ac_ct_CC=gcc
ac_cv_prog_ac_ct_RANLIB=ranlib
ac_cv_prog_ac_ct_STRIP=strip
ac_cv_prog_cc_c89=''
ac_cv_prog_cc_g=yes
ac_cv_target=amd64-unknown-freebsd10.2
lt_cv_compiler_c_o=yes
lt_cv_compiler_o_lo=yes
lt_cv_deplibs_check_method=pass_all
lt_cv_file_magic_cmd='$MAGIC_CMD'
lt_cv_file_magic_test_file=''
lt_cv_global_symbol_to_c_name_address='sed -n -e '\''s/^: \([^ ]*\) $/  {\"\1\", (lt_ptr) 0},/p'\'' -e '\''s/^[BCDEGRST] \([^ ]*\) \([^ ]*\)$/  {"\2", (lt_ptr) \&\2},/p'\'
lt_cv_global_symbol_to_cdecl='sed -n -e '\''s/^. .* \(.*\)$/extern char \1;/p'\'
lt_cv_ld_reload_flag=-r
lt_cv_path_LD=/usr/local/bin/ld
lt_cv_path_NM='/usr/bin/nm -B'
lt_cv_path_SED=/usr/bin/sed
lt_cv_prog_cc_can_build_shared=yes
lt_cv_prog_cc_no_builtin=''
lt_cv_prog_cc_pic=' -fPIC'
lt_cv_prog_cc_pic_works=yes
lt_cv_prog_cc_shlib=''
lt_cv_prog_cc_static=-static
lt_cv_prog_cc_static_works=yes
lt_cv_prog_cc_wl=-Wl,
lt_cv_prog_gnu_ld=yes
lt_cv_sys_global_symbol_pipe='sed -n -e '\''s/^.*[ 	]\([ABCDGISTW][ABCDGISTW]*\)[ 	][ 	]*\(\)\([_A-Za-z][_A-Za-z0-9]*\)$/\1 \2\3 \3/p'\'

## ----------------- ##
## Output variables. ##
## ----------------- ##

AWK='nawk'
CC='gcc'
CFLAGS='-fPIC'
CPPFLAGS=''
DEFS='-DHAVE_CONFIG_H'
ECHO='echo'
ECHO_C=''
ECHO_N='-n'
ECHO_T=''
EXEEXT=''
INSTALL_DATA='${INSTALL} -m 644'
INSTALL_PROGRAM='${INSTALL}'
INSTALL_SCRIPT='${INSTALL}'
LDFLAGS=''
LIBOBJS=''
LIBS='-lcrypto -lssl '
LIBTOOL='$(SHELL) $(top_builddir)/libtool'
LN_S='ln -s'
LTLIBOBJS=''
OBJEXT='o'
OPTOPTS='-Wall -Wmissing-prototypes'
PACKAGE_BUGREPORT='rsug@umich.edu'
PACKAGE_NAME='libsnet'
PACKAGE_STRING='libsnet VERSION'
PACKAGE_TARNAME='libsnet'
PACKAGE_VERSION='VERSION'
PATH_SEPARATOR=':'
PROFILED='true'
RANLIB='ranlib'
SHELL='/bin/sh'
STRIP='strip'
ac_ct_CC='gcc'
bindir='${exec_prefix}/bin'
build='amd64-unknown-freebsd10.2'
build_alias=''
build_cpu='amd64'
build_os='freebsd10.2'
build_vendor='unknown'
datadir='${datarootdir}'
datarootdir='${prefix}/share'
docdir='${datarootdir}/doc/${PACKAGE_TARNAME}'
dvidir='${docdir}'
exec_prefix='${prefix}'
host='amd64-unknown-freebsd10.2'
host_alias=''
host_cpu='amd64'
host_os='freebsd10.2'
host_vendor='unknown'
htmldir='${docdir}'
includedir='${prefix}/include'
infodir='${datarootdir}/info'
libdir='${exec_prefix}/lib'
libexecdir='${exec_prefix}/libexec'
localedir='${datarootdir}/locale'
localstatedir='${prefix}/var'
mandir='/usr/local/share/man'
oldincludedir='/usr/include'
pdfdir='${docdir}'
prefix='/var/lib/cosign'
program_transform_name='s,x,x,'
psdir='${docdir}'
sbindir='/usr/local/sbin'
sharedstatedir='${prefix}/com'
sysconfdir='${prefix}/etc'
target='amd64-unknown-freebsd10.2'
target_alias=''
target_cpu='amd64'
target_os='freebsd10.2'
target_vendor='unknown'

## ----------- ##
## confdefs.h. ##
## ----------- ##

#define PACKAGE_NAME "libsnet"
#define PACKAGE_TARNAME "libsnet"
#define PACKAGE_VERSION "VERSION"
#define PACKAGE_STRING "libsnet VERSION"
#define PACKAGE_BUGREPORT "rsug@umich.edu"
#define HAVE_LIBSSL 1
#define HAVE_LIBCRYPTO 1
#define HAVE_DLFCN_H 1
#define HAVE_DLFCN_H 1

configure: exit 0
